<?xml version="1.0" encoding="UTF-8"?>
<!-- Generated by org.testng.reporters.JUnitReportReporter -->
<testsuite skipped="0" hostname="DESKTOP-UHV36HG" name="com.pagelibrary.com.Testng" tests="2" failures="0" timestamp="27 Jul 2019 07:41:53 GMT" time="0.012" errors="0">
  <testcase name="m4" time="0.008" classname="com.pagelibrary.com.Testng"/>
  <testcase name="m1" time="0.004" classname="com.pagelibrary.com.Testng"/>
</testsuite> <!-- com.pagelibrary.com.Testng -->
